  GameController.cpp
  GameLoader.cpp
src\GameLoader.cpp(52): warning C4018: '<': signed/unsigned mismatch
src\GameLoader.cpp(53): warning C4018: '>': signed/unsigned mismatch
src\GameLoader.cpp(61): warning C4838: conversion from 'int' to 'float' requires a narrowing conversion
src\GameLoader.cpp(61): warning C4244: 'initializing': conversion from 'int' to 'float', possible loss of data
  GameSystem.cpp
src\GameSystem.cpp(111): warning C4244: 'initializing': conversion from 'float' to 'int', possible loss of data
src\GameSystem.cpp(125): warning C4244: '+=': conversion from 'float' to 'unsigned int', possible loss of data
  IndexBuffer.cpp
  RefreshBuffer.cpp
  Renderer.cpp
  Shader.cpp
  Source.cpp
src\Source.cpp(110): warning C4244: 'initializing': conversion from 'double' to 'float', possible loss of data
src\Source.cpp(124): warning C4244: 'initializing': conversion from 'double' to 'float', possible loss of data
  TestClearColor.cpp
  Texture.cpp
  glm.cpp
  imgui.cpp
  imgui_demo.cpp
  imgui_draw.cpp
  imgui_impl_glfw_gl3.cpp
  std.cpp
  VertexArray.cpp
  VertexBuffer.cpp
LINK : warning LNK4098: defaultlib 'LIBCMT' conflicts with use of other libs; use /NODEFAULTLIB:library
  Generating code
  All 1703 functions were compiled because no usable IPDB/IOBJ from previous compilation was found.
  Finished generating code
glew32s.lib(glew.obj) : warning LNK4099: PDB 'vc120.pdb' was not found with 'glew32s.lib(glew.obj)' or at 'C:\Users\csoon\OneDrive\Documents\Visual Studio 2015\Projects\Tetris\Release\vc120.pdb'; linking object as if no debug info
  Tetris.vcxproj -> C:\Users\csoon\OneDrive\Documents\Visual Studio 2015\Projects\Tetris\Release\Tetris.exe
  Tetris.vcxproj -> C:\Users\csoon\OneDrive\Documents\Visual Studio 2015\Projects\Tetris\Release\Tetris.pdb (Full PDB)
